setting 'ivy.default.settings.dir' to 'jar:file:/home/jamescarr/bin/sbt-launcher-0.5.4.jar!/org/apache/ivy/core/settings'
setting 'ivy.basedir' to '/home/jamescarr/projects/scala-examples/.'
setting 'ivy.default.conf.dir' to 'jar:file:/home/jamescarr/bin/sbt-launcher-0.5.4.jar!/org/apache/ivy/core/settings'
impossible to define new type: class not found: org.apache.ivy.plugins.trigger.LogTrigger in [] nor Ivy classloader
impossible to define new type: class not found: org.apache.ivy.plugins.resolver.VsftpResolver in [] nor Ivy classloader
impossible to define new type: class not found: org.apache.ivy.plugins.conflict.RegexpConflictManager in [] nor Ivy classloader
impossible to define new type: class not found: org.apache.ivy.plugins.resolver.SshResolver in [] nor Ivy classloader
impossible to define new type: class not found: org.apache.ivy.plugins.resolver.VfsResolver in [] nor Ivy classloader
impossible to define new type: class not found: org.apache.ivy.plugins.resolver.SFTPResolver in [] nor Ivy classloader
impossible to define new type: class not found: org.apache.ivy.plugins.resolver.packager.PackagerResolver in [] nor Ivy classloader
impossible to define new type: class not found: org.apache.ivy.ant.AntCallTrigger in [] nor Ivy classloader
impossible to define new type: class not found: org.apache.ivy.plugins.resolver.IvyRepResolver in [] nor Ivy classloader
impossible to define new type: class not found: org.apache.ivy.ant.AntBuildTrigger in [] nor Ivy classloader
impossible to define glob matcher: org.apache.ivy.plugins.matcher.GlobPatternMatcher was not found.
setting 'java.runtime.name' to 'Java(TM) 2 Runtime Environment, Standard Edition'
setting 'sun.boot.library.path' to '/usr/lib/jvm/java-1.5.0-sun-1.5.0.18/jre/lib/i386'
setting 'java.vm.version' to '1.5.0_18-b02'
setting 'java.vm.vendor' to 'Sun Microsystems Inc.'
setting 'java.vendor.url' to 'http://java.sun.com/'
setting 'path.separator' to ':'
setting 'java.vm.name' to 'Java HotSpot(TM) Server VM'
setting 'file.encoding.pkg' to 'sun.io'
setting 'sun.java.launcher' to 'SUN_STANDARD'
setting 'user.country' to 'US'
setting 'sun.os.patch.level' to 'unknown'
setting 'java.vm.specification.name' to 'Java Virtual Machine Specification'
setting 'user.dir' to '/home/jamescarr/projects/scala-examples'
setting 'java.runtime.version' to '1.5.0_18-b02'
setting 'java.awt.graphicsenv' to 'sun.awt.X11GraphicsEnvironment'
setting 'java.endorsed.dirs' to '/usr/lib/jvm/java-1.5.0-sun-1.5.0.18/jre/lib/endorsed'
setting 'os.arch' to 'i386'
setting 'java.io.tmpdir' to '/tmp'
setting 'line.separator' to '
'
setting 'java.vm.specification.vendor' to 'Sun Microsystems Inc.'
setting 'os.name' to 'Linux'
setting 'sun.jnu.encoding' to 'UTF-8'
setting 'java.library.path' to '/usr/lib/jvm/java-1.5.0-sun-1.5.0.18/jre/lib/i386/server:/usr/lib/jvm/java-1.5.0-sun-1.5.0.18/jre/lib/i386:/usr/lib/jvm/java-1.5.0-sun-1.5.0.18/jre/../lib/i386'
setting 'sbt.boot' to 'true'
setting 'java.specification.name' to 'Java Platform API Specification'
setting 'java.class.version' to '49.0'
setting 'sun.management.compiler' to 'HotSpot Server Compiler'
setting 'os.version' to '2.6.28-15-generic'
setting 'user.home' to '/home/jamescarr'
setting 'user.timezone' to 'America/Indiana/Tell_City'
setting 'scala.home' to '/home/jamescarr/projects/scala-examples/project/boot/scala-2.7.5'
setting 'java.awt.printerjob' to 'sun.print.PSPrinterJob'
setting 'file.encoding' to 'UTF-8'
setting 'java.specification.version' to '1.5'
setting 'java.class.path' to '/home/jamescarr/bin/sbt-launcher-0.5.4.jar'
setting 'user.name' to 'jamescarr'
setting 'java.vm.specification.version' to '1.0'
setting 'java.home' to '/usr/lib/jvm/java-1.5.0-sun-1.5.0.18/jre'
setting 'sun.arch.data.model' to '32'
setting 'user.language' to 'en'
setting 'java.specification.vendor' to 'Sun Microsystems Inc.'
setting 'java.vm.info' to 'mixed mode'
setting 'java.version' to '1.5.0_18'
setting 'java.ext.dirs' to '/usr/lib/jvm/java-1.5.0-sun-1.5.0.18/jre/lib/ext'
setting 'sun.boot.class.path' to '/usr/lib/jvm/java-1.5.0-sun-1.5.0.18/jre/lib/rt.jar:/usr/lib/jvm/java-1.5.0-sun-1.5.0.18/jre/lib/i18n.jar:/usr/lib/jvm/java-1.5.0-sun-1.5.0.18/jre/lib/sunrsasign.jar:/usr/lib/jvm/java-1.5.0-sun-1.5.0.18/jre/lib/jsse.jar:/usr/lib/jvm/java-1.5.0-sun-1.5.0.18/jre/lib/jce.jar:/usr/lib/jvm/java-1.5.0-sun-1.5.0.18/jre/lib/charsets.jar:/usr/lib/jvm/java-1.5.0-sun-1.5.0.18/jre/classes'
setting 'java.vendor' to 'Sun Microsystems Inc.'
setting 'file.separator' to '/'
setting 'java.vendor.url.bug' to 'http://java.sun.com/cgi-bin/bugreport.cgi'
setting 'sun.io.unicode.encoding' to 'UnicodeLittle'
setting 'sun.cpu.endian' to 'little'
setting 'sun.desktop' to 'gnome'
setting 'sun.cpu.isalist' to ''
setting 'ivy.default.ivy.user.dir' to '/home/jamescarr/.ivy2'
setting 'ivy.home' to '/home/jamescarr/.ivy2'
no default ivy user dir defined: set to /home/jamescarr/.ivy2
setting 'ivy.cache.dir' to '/home/jamescarr/.ivy2/cache'
no default cache defined: set to /home/jamescarr/.ivy2/cache
setting 'ivy.basedir' to '/home/jamescarr/projects/scala-examples/project/boot/scala-2.7.5'
setting 'basedir' to '/home/jamescarr/projects/scala-examples/project/boot/scala-2.7.5'
:: resolving dependencies :: sbt#boot;1.0
	confs: [default]
	validate = true
	refresh = false
resolving dependencies for configuration 'default'
== resolving dependencies for sbt#boot;1.0 [default]
loadData of sbt#boot;1.0 of rootConf=default
== resolving dependencies sbt#boot;1.0->org.scala-lang#scala-compiler;2.7.5 [default->default]
loadData of org.scala-lang#scala-compiler;2.7.5 of rootConf=default
	using redefined-public to resolve org.scala-lang#scala-compiler;2.7.5
redefined-public: Checking cache for: dependency: org.scala-lang#scala-compiler;2.7.5 {default=[default]}
redefined-public: no namespace defined: using system
No entry is found in the ModuleDescriptorCache : /home/jamescarr/.ivy2/cache/org.scala-lang/scala-compiler/ivy-2.7.5.xml
installing class org.apache.ivy.util.url.IvyAuthenticator
pre 1.3 ivy file: using exactOrRegexp as default matcher
	found ivy file in cache for org.scala-lang#scala-compiler;2.7.5 (resolved by Maven Central): /home/jamescarr/.ivy2/cache/org.scala-lang/scala-compiler/ivy-2.7.5.xml
redefined-public: module revision found in cache: org.scala-lang#scala-compiler;2.7.5
redefined-public: no latest strategy defined: using default
	found org.scala-lang#scala-compiler;2.7.5 in Maven Central
== resolving dependencies sbt#boot;1.0->org.scala-lang#scala-compiler;2.7.5 [default->runtime]
loadData of org.scala-lang#scala-compiler;2.7.5 of rootConf=default
== resolving dependencies sbt#boot;1.0->org.scala-lang#scala-compiler;2.7.5 [default->compile]
loadData of org.scala-lang#scala-compiler;2.7.5 of rootConf=default
== resolving dependencies org.scala-lang#scala-compiler;2.7.5->org.scala-lang#scala-library;2.7.5 [compile->compile(*)]
loadData of org.scala-lang#scala-library;2.7.5 of rootConf=default
	using redefined-public to resolve org.scala-lang#scala-library;2.7.5
redefined-public: Checking cache for: dependency: org.scala-lang#scala-library;2.7.5 {compile=[compile(*), master(*)], runtime=[runtime(*)]}
No entry is found in the ModuleDescriptorCache : /home/jamescarr/.ivy2/cache/org.scala-lang/scala-library/ivy-2.7.5.xml
pre 1.3 ivy file: using exactOrRegexp as default matcher
	found ivy file in cache for org.scala-lang#scala-library;2.7.5 (resolved by Maven Central): /home/jamescarr/.ivy2/cache/org.scala-lang/scala-library/ivy-2.7.5.xml
redefined-public: module revision found in cache: org.scala-lang#scala-library;2.7.5
	found org.scala-lang#scala-library;2.7.5 in Maven Central
== resolving dependencies org.scala-lang#scala-compiler;2.7.5->org.scala-lang#scala-library;2.7.5 [compile->master(*)]
loadData of org.scala-lang#scala-library;2.7.5 of rootConf=default
== resolving dependencies org.scala-lang#scala-compiler;2.7.5->org.scala-lang#scala-library;2.7.5 [compile->default]
loadData of org.scala-lang#scala-library;2.7.5 of rootConf=default
== resolving dependencies org.scala-lang#scala-compiler;2.7.5->org.scala-lang#scala-library;2.7.5 [compile->runtime]
loadData of org.scala-lang#scala-library;2.7.5 of rootConf=default
== resolving dependencies org.scala-lang#scala-compiler;2.7.5->org.scala-lang#scala-library;2.7.5 [compile->compile]
loadData of org.scala-lang#scala-library;2.7.5 of rootConf=default
== resolving dependencies org.scala-lang#scala-compiler;2.7.5->org.scala-lang#scala-library;2.7.5 [compile->master]
loadData of org.scala-lang#scala-library;2.7.5 of rootConf=default
== resolving dependencies org.scala-lang#scala-compiler;2.7.5->org.scala-lang#scala-library;2.7.5 [runtime->runtime(*)]
loadData of org.scala-lang#scala-library;2.7.5 of rootConf=default
== resolving dependencies org.scala-lang#scala-compiler;2.7.5->org.scala-lang#scala-library;2.7.5 [runtime->compile]
loadData of org.scala-lang#scala-library;2.7.5 of rootConf=default
default is loaded and no conf to load.  Skip loading
== resolving dependencies sbt#boot;1.0->org.scala-lang#scala-compiler;2.7.5 [default->master]
loadData of org.scala-lang#scala-compiler;2.7.5 of rootConf=default
== resolving dependencies sbt#boot;1.0->org.scala-lang#scala-library;2.7.5 [default->default]
loadData of org.scala-lang#scala-library;2.7.5 of rootConf=default
default is loaded and no conf to load.  Skip loading
== resolving dependencies sbt#boot;1.0->org.scala-lang#scala-library;2.7.5 [default->runtime]
loadData of org.scala-lang#scala-library;2.7.5 of rootConf=default
default is loaded and no conf to load.  Skip loading
== resolving dependencies sbt#boot;1.0->org.scala-lang#scala-library;2.7.5 [default->compile]
loadData of org.scala-lang#scala-library;2.7.5 of rootConf=default
default is loaded and no conf to load.  Skip loading
== resolving dependencies sbt#boot;1.0->org.scala-lang#scala-library;2.7.5 [default->master]
loadData of org.scala-lang#scala-library;2.7.5 of rootConf=default
default is loaded and no conf to load.  Skip loading
Nbr of module to sort : 2
Sort dependencies of : org.scala-lang#scala-compiler;2.7.5 / Number of dependencies = 1
Sort dependencies of : org.scala-lang#scala-library;2.7.5 / Number of dependencies = 0
Sort done for : org.scala-lang#scala-library;2.7.5
Sort done for : org.scala-lang#scala-compiler;2.7.5
Module descriptor is processed : org.scala-lang#scala-library;2.7.5
	resolved ivy file produced in /home/jamescarr/.ivy2/cache/resolved-sbt-boot-1.0.xml
:: downloading artifacts ::
	[NOT REQUIRED] org.scala-lang#scala-compiler;2.7.5!scala-compiler.jar
	[NOT REQUIRED] org.scala-lang#scala-library;2.7.5!scala-library.jar
:: resolution report :: resolve 274ms :: artifacts dl 6ms
Nbr of module to sort : 2
Sort dependencies of : org.scala-lang#scala-compiler;2.7.5 / Number of dependencies = 1
Sort dependencies of : org.scala-lang#scala-library;2.7.5 / Number of dependencies = 0
Sort done for : org.scala-lang#scala-library;2.7.5
Sort done for : org.scala-lang#scala-compiler;2.7.5
Module descriptor is processed : org.scala-lang#scala-library;2.7.5
	report for sbt#boot;1.0 default produced in /home/jamescarr/.ivy2/cache/sbt-boot-default.xml
	resolve done (274ms resolve - 6ms download)
:: retrieving :: sbt#boot
	checkUpToDate=true
no explicit confs given for retrieve, using ivy file: /home/jamescarr/.ivy2/cache/resolved-sbt-boot-1.0.xml
using ivy parser to parse /home/jamescarr/.ivy2/cache/resolved-sbt-boot-1.0.xml
pre 1.3 ivy file: using exactOrRegexp as default matcher
	confs: [default]
	retrieving /home/jamescarr/.ivy2/cache/org.scala-lang/scala-library/jars/scala-library-2.7.5.jar
		to /home/jamescarr/projects/scala-examples/project/boot/scala-2.7.5/lib/scala-library.jar
	retrieving /home/jamescarr/.ivy2/cache/org.scala-lang/scala-compiler/jars/scala-compiler-2.7.5.jar
		to /home/jamescarr/projects/scala-examples/project/boot/scala-2.7.5/lib/scala-compiler.jar
	2 artifacts copied, 0 already retrieved (9831kB/73ms)
	retrieve done (73ms)
setting 'ivy.default.settings.dir' to 'jar:file:/home/jamescarr/bin/sbt-launcher-0.5.4.jar!/org/apache/ivy/core/settings'
setting 'ivy.basedir' to '/home/jamescarr/projects/scala-examples/.'
setting 'ivy.default.conf.dir' to 'jar:file:/home/jamescarr/bin/sbt-launcher-0.5.4.jar!/org/apache/ivy/core/settings'
impossible to define new type: class not found: org.apache.ivy.plugins.trigger.LogTrigger in [] nor Ivy classloader
impossible to define new type: class not found: org.apache.ivy.plugins.resolver.VsftpResolver in [] nor Ivy classloader
impossible to define new type: class not found: org.apache.ivy.plugins.conflict.RegexpConflictManager in [] nor Ivy classloader
impossible to define new type: class not found: org.apache.ivy.plugins.resolver.SshResolver in [] nor Ivy classloader
impossible to define new type: class not found: org.apache.ivy.plugins.resolver.VfsResolver in [] nor Ivy classloader
impossible to define new type: class not found: org.apache.ivy.plugins.resolver.SFTPResolver in [] nor Ivy classloader
impossible to define new type: class not found: org.apache.ivy.plugins.resolver.packager.PackagerResolver in [] nor Ivy classloader
impossible to define new type: class not found: org.apache.ivy.ant.AntCallTrigger in [] nor Ivy classloader
impossible to define new type: class not found: org.apache.ivy.plugins.resolver.IvyRepResolver in [] nor Ivy classloader
impossible to define new type: class not found: org.apache.ivy.ant.AntBuildTrigger in [] nor Ivy classloader
impossible to define glob matcher: org.apache.ivy.plugins.matcher.GlobPatternMatcher was not found.
setting 'java.runtime.name' to 'Java(TM) 2 Runtime Environment, Standard Edition'
setting 'sun.boot.library.path' to '/usr/lib/jvm/java-1.5.0-sun-1.5.0.18/jre/lib/i386'
setting 'java.vm.version' to '1.5.0_18-b02'
setting 'java.vm.vendor' to 'Sun Microsystems Inc.'
setting 'java.vendor.url' to 'http://java.sun.com/'
setting 'path.separator' to ':'
setting 'java.vm.name' to 'Java HotSpot(TM) Server VM'
setting 'file.encoding.pkg' to 'sun.io'
setting 'sun.java.launcher' to 'SUN_STANDARD'
setting 'user.country' to 'US'
setting 'sun.os.patch.level' to 'unknown'
setting 'java.vm.specification.name' to 'Java Virtual Machine Specification'
setting 'user.dir' to '/home/jamescarr/projects/scala-examples'
setting 'java.runtime.version' to '1.5.0_18-b02'
setting 'java.awt.graphicsenv' to 'sun.awt.X11GraphicsEnvironment'
setting 'java.endorsed.dirs' to '/usr/lib/jvm/java-1.5.0-sun-1.5.0.18/jre/lib/endorsed'
setting 'os.arch' to 'i386'
setting 'java.io.tmpdir' to '/tmp'
setting 'line.separator' to '
'
setting 'java.vm.specification.vendor' to 'Sun Microsystems Inc.'
setting 'os.name' to 'Linux'
setting 'sun.jnu.encoding' to 'UTF-8'
setting 'java.library.path' to '/usr/lib/jvm/java-1.5.0-sun-1.5.0.18/jre/lib/i386/server:/usr/lib/jvm/java-1.5.0-sun-1.5.0.18/jre/lib/i386:/usr/lib/jvm/java-1.5.0-sun-1.5.0.18/jre/../lib/i386'
setting 'sbt.boot' to 'true'
setting 'java.specification.name' to 'Java Platform API Specification'
setting 'java.class.version' to '49.0'
setting 'sun.management.compiler' to 'HotSpot Server Compiler'
setting 'os.version' to '2.6.28-15-generic'
setting 'user.home' to '/home/jamescarr'
setting 'user.timezone' to 'America/Indiana/Tell_City'
setting 'scala.home' to '/home/jamescarr/projects/scala-examples/project/boot/scala-2.7.5'
setting 'java.awt.printerjob' to 'sun.print.PSPrinterJob'
setting 'file.encoding' to 'UTF-8'
setting 'java.specification.version' to '1.5'
setting 'java.class.path' to '/home/jamescarr/bin/sbt-launcher-0.5.4.jar'
setting 'user.name' to 'jamescarr'
setting 'java.vm.specification.version' to '1.0'
setting 'java.home' to '/usr/lib/jvm/java-1.5.0-sun-1.5.0.18/jre'
setting 'sun.arch.data.model' to '32'
setting 'user.language' to 'en'
setting 'java.specification.vendor' to 'Sun Microsystems Inc.'
setting 'java.vm.info' to 'mixed mode'
setting 'java.version' to '1.5.0_18'
setting 'java.ext.dirs' to '/usr/lib/jvm/java-1.5.0-sun-1.5.0.18/jre/lib/ext'
setting 'sun.boot.class.path' to '/usr/lib/jvm/java-1.5.0-sun-1.5.0.18/jre/lib/rt.jar:/usr/lib/jvm/java-1.5.0-sun-1.5.0.18/jre/lib/i18n.jar:/usr/lib/jvm/java-1.5.0-sun-1.5.0.18/jre/lib/sunrsasign.jar:/usr/lib/jvm/java-1.5.0-sun-1.5.0.18/jre/lib/jsse.jar:/usr/lib/jvm/java-1.5.0-sun-1.5.0.18/jre/lib/jce.jar:/usr/lib/jvm/java-1.5.0-sun-1.5.0.18/jre/lib/charsets.jar:/usr/lib/jvm/java-1.5.0-sun-1.5.0.18/jre/classes'
setting 'java.vendor' to 'Sun Microsystems Inc.'
setting 'file.separator' to '/'
setting 'java.vendor.url.bug' to 'http://java.sun.com/cgi-bin/bugreport.cgi'
setting 'sun.io.unicode.encoding' to 'UnicodeLittle'
setting 'sun.cpu.endian' to 'little'
setting 'sun.desktop' to 'gnome'
setting 'sun.cpu.isalist' to ''
setting 'ivy.default.ivy.user.dir' to '/home/jamescarr/.ivy2'
setting 'ivy.home' to '/home/jamescarr/.ivy2'
no default ivy user dir defined: set to /home/jamescarr/.ivy2
setting 'ivy.cache.dir' to '/home/jamescarr/.ivy2/cache'
no default cache defined: set to /home/jamescarr/.ivy2/cache
setting 'ivy.basedir' to '/home/jamescarr/projects/scala-examples/project/boot/scala-2.7.5'
setting 'basedir' to '/home/jamescarr/projects/scala-examples/project/boot/scala-2.7.5'
:: resolving dependencies :: sbt#boot;1.0
	confs: [default]
	validate = true
	refresh = false
resolving dependencies for configuration 'default'
== resolving dependencies for sbt#boot;1.0 [default]
loadData of sbt#boot;1.0 of rootConf=default
== resolving dependencies sbt#boot;1.0->sbt#simple-build-tool;0.5.3 [default->2.7.5]
loadData of sbt#simple-build-tool;0.5.3 of rootConf=default
	using redefined-public to resolve sbt#simple-build-tool;0.5.3
redefined-public: Checking cache for: dependency: sbt#simple-build-tool;0.5.3 {default=[2.7.5]}
redefined-public: no namespace defined: using system
No entry is found in the ModuleDescriptorCache : /home/jamescarr/.ivy2/cache/sbt/simple-build-tool/ivy-0.5.3.xml
pre 1.3 ivy file: using exactOrRegexp as default matcher
	found ivy file in cache for sbt#simple-build-tool;0.5.3 (resolved by Sbt Repository): /home/jamescarr/.ivy2/cache/sbt/simple-build-tool/ivy-0.5.3.xml
redefined-public: module revision found in cache: sbt#simple-build-tool;0.5.3
redefined-public: no latest strategy defined: using default
	found sbt#simple-build-tool;0.5.3 in Sbt Repository
== resolving dependencies sbt#boot;1.0->sbt#simple-build-tool;0.5.3 [default->base]
loadData of sbt#simple-build-tool;0.5.3 of rootConf=default
== resolving dependencies sbt#simple-build-tool;0.5.3->org.apache.ivy#ivy;2.0.0 [base->default]
loadData of org.apache.ivy#ivy;2.0.0 of rootConf=default
	using redefined-public to resolve org.apache.ivy#ivy;2.0.0
redefined-public: Checking cache for: dependency: org.apache.ivy#ivy;2.0.0 {base=[default]}
No entry is found in the ModuleDescriptorCache : /home/jamescarr/.ivy2/cache/org.apache.ivy/ivy/ivy-2.0.0.xml
pre 1.3 ivy file: using exactOrRegexp as default matcher
	found ivy file in cache for org.apache.ivy#ivy;2.0.0 (resolved by Maven Central): /home/jamescarr/.ivy2/cache/org.apache.ivy/ivy/ivy-2.0.0.xml
redefined-public: module revision found in cache: org.apache.ivy#ivy;2.0.0
	found org.apache.ivy#ivy;2.0.0 in Maven Central
== resolving dependencies sbt#simple-build-tool;0.5.3->org.apache.ivy#ivy;2.0.0 [base->runtime]
loadData of org.apache.ivy#ivy;2.0.0 of rootConf=default
== resolving dependencies sbt#simple-build-tool;0.5.3->org.apache.ivy#ivy;2.0.0 [base->compile]
loadData of org.apache.ivy#ivy;2.0.0 of rootConf=default
== resolving dependencies sbt#simple-build-tool;0.5.3->org.apache.ivy#ivy;2.0.0 [base->master]
loadData of org.apache.ivy#ivy;2.0.0 of rootConf=default
== resolving dependencies sbt#simple-build-tool;0.5.3->com.jcraft#jsch;0.1.31 [base->default]
loadData of com.jcraft#jsch;0.1.31 of rootConf=default
	using redefined-public to resolve com.jcraft#jsch;0.1.31
redefined-public: Checking cache for: dependency: com.jcraft#jsch;0.1.31 {base=[default]}
No entry is found in the ModuleDescriptorCache : /home/jamescarr/.ivy2/cache/com.jcraft/jsch/ivy-0.1.31.xml
pre 1.3 ivy file: using exactOrRegexp as default matcher
	found ivy file in cache for com.jcraft#jsch;0.1.31 (resolved by Maven Central): /home/jamescarr/.ivy2/cache/com.jcraft/jsch/ivy-0.1.31.xml
redefined-public: module revision found in cache: com.jcraft#jsch;0.1.31
	found com.jcraft#jsch;0.1.31 in Maven Central
== resolving dependencies sbt#simple-build-tool;0.5.3->com.jcraft#jsch;0.1.31 [base->runtime]
loadData of com.jcraft#jsch;0.1.31 of rootConf=default
== resolving dependencies sbt#simple-build-tool;0.5.3->com.jcraft#jsch;0.1.31 [base->compile]
loadData of com.jcraft#jsch;0.1.31 of rootConf=default
== resolving dependencies sbt#simple-build-tool;0.5.3->com.jcraft#jsch;0.1.31 [base->master]
loadData of com.jcraft#jsch;0.1.31 of rootConf=default
Nbr of module to sort : 3
Sort dependencies of : sbt#simple-build-tool;0.5.3 / Number of dependencies = 3
Sort dependencies of : org.apache.ivy#ivy;2.0.0 / Number of dependencies = 13
Sort dependencies of : com.jcraft#jsch;0.1.31 / Number of dependencies = 1
Sort done for : com.jcraft#jsch;0.1.31
Sort done for : org.apache.ivy#ivy;2.0.0
Module descriptor is processed : com.jcraft#jsch;0.1.31
Sort done for : sbt#simple-build-tool;0.5.3
Module descriptor is processed : org.apache.ivy#ivy;2.0.0
Module descriptor is processed : com.jcraft#jsch;0.1.31
	resolved ivy file produced in /home/jamescarr/.ivy2/cache/resolved-sbt-boot-1.0.xml
:: downloading artifacts ::
	[NOT REQUIRED] sbt#simple-build-tool;0.5.3!sbt_2.7.5.jar
	[NOT REQUIRED] org.apache.ivy#ivy;2.0.0!ivy.jar
	[NOT REQUIRED] com.jcraft#jsch;0.1.31!jsch.jar
:: resolution report :: resolve 149ms :: artifacts dl 7ms
Nbr of module to sort : 3
Sort dependencies of : sbt#simple-build-tool;0.5.3 / Number of dependencies = 3
Sort dependencies of : org.apache.ivy#ivy;2.0.0 / Number of dependencies = 13
Sort dependencies of : com.jcraft#jsch;0.1.31 / Number of dependencies = 1
Sort done for : com.jcraft#jsch;0.1.31
Sort done for : org.apache.ivy#ivy;2.0.0
Module descriptor is processed : com.jcraft#jsch;0.1.31
Sort done for : sbt#simple-build-tool;0.5.3
Module descriptor is processed : org.apache.ivy#ivy;2.0.0
Module descriptor is processed : com.jcraft#jsch;0.1.31
	report for sbt#boot;1.0 default produced in /home/jamescarr/.ivy2/cache/sbt-boot-default.xml
	resolve done (149ms resolve - 7ms download)
:: retrieving :: sbt#boot
	checkUpToDate=true
no explicit confs given for retrieve, using ivy file: /home/jamescarr/.ivy2/cache/resolved-sbt-boot-1.0.xml
using ivy parser to parse /home/jamescarr/.ivy2/cache/resolved-sbt-boot-1.0.xml
pre 1.3 ivy file: using exactOrRegexp as default matcher
	confs: [default]
	retrieving /home/jamescarr/.ivy2/cache/com.jcraft/jsch/jars/jsch-0.1.31.jar
		to /home/jamescarr/projects/scala-examples/project/boot/scala-2.7.5/sbt-0.5.3/jsch-0.1.31.jar
	retrieving /home/jamescarr/.ivy2/cache/org.apache.ivy/ivy/jars/ivy-2.0.0.jar
		to /home/jamescarr/projects/scala-examples/project/boot/scala-2.7.5/sbt-0.5.3/ivy-2.0.0.jar
	retrieving /home/jamescarr/.ivy2/cache/sbt/simple-build-tool/jars/sbt_2.7.5-0.5.3.jar
		to /home/jamescarr/projects/scala-examples/project/boot/scala-2.7.5/sbt-0.5.3/sbt_2.7.5-0.5.3.jar
	3 artifacts copied, 0 already retrieved (3385kB/40ms)
	retrieve done (40ms)
